[INFO] Scanning for projects...
[INFO]                                                                         
[INFO] ------------------------------------------------------------------------
[INFO] Building SpotifySystem 0.1.0
[INFO] ------------------------------------------------------------------------
[INFO] 
[INFO] --- pitest-maven:1.1.8:mutationCoverage (default-cli) @ SpotifySystem ---
[INFO] Found plugin : Default csv report plugin
[INFO] Found plugin : Default xml report plugin
[INFO] Found plugin : Default html report plugin
[INFO] Found plugin : Default limit mutations plugin
[INFO] Found shared classpath plugin : Default mutation engine
[INFO] Adding org.pitest:pitest to SUT classpath
[INFO] Mutating from /home/xbexbex/SpotifySysteemi/SpotifySysteemi/target/classes
[INFO] Defaulting to group id (spotifysystem*)
7:25:36 PM PIT >> INFO : Verbose logging is disabled. If you encounter an problem please enable it before reporting an issue.
7:25:37 PM PIT >> INFO : Sending 5 test classes to minion
7:25:37 PM PIT >> INFO : Sent tests to minion
7:25:37 PM PIT >> INFO : MINION : 7:25:37 PM PIT >> INFO : Checking environment

7:25:37 PM PIT >> INFO : MINION : 7:25:37 PM PIT >> INFO : Found  4 tests

7:25:37 PM PIT >> INFO : MINION : 7:25:37 PM PIT >> INFO : Dependency analysis reduced number of potential tests by 0

7:25:37 PM PIT >> INFO : MINION : 7:25:37 PM PIT >> INFO : 4 tests received

7:25:38 PM PIT >> INFO : MINION : Feb 03, 2017 7:25:38 PM com.google.common.util.concurrent.ExecutionList executeListener
SEVERE: RuntimeException while executing runnable com.google.common.util.concurrent.Futures$6@418c5a9c with executor INSTANCE
java.lang.NullPointerException
	at spotify
7:25:38 PM PIT >> INFO : MINION : system.gui.MainGUI.printMessage(MainGUI.java:84)
	at spotifysystem.logic.MainLogic.print(MainLogic.java:43)
	at spotifysystem.logic.AuthHandler$1.onFailure(AuthHandler.java:48)
	at com.google.common.util.concurrent.Futures$6.run(Futures.java:1310)
	at com.
7:25:38 PM PIT >> INFO : MINION : google.common.util.concurrent.MoreExecutors$DirectExecutor.execute(MoreExecutors.java:457)
	at com.google.common.util.concurrent.ExecutionList.executeListener(ExecutionList.java:156)
	at com.google.common.util.concurrent.ExecutionList.add(ExecutionList.jav
7:25:38 PM PIT >> INFO : MINION : a:101)
	at com.google.common.util.concurrent.AbstractFuture.addListener(AbstractFuture.java:170)
	at com.google.common.util.concurrent.Futures.addCallback(Futures.java:1322)
	at com.google.common.util.concurrent.Futures.addCallback(Futures.java:1258)
	at s
7:25:38 PM PIT >> INFO : MINION : potifysystem.logic.AuthHandler.getTokens(AuthHandler.java:28)
	at spotifysystemTest.logic.AuthHandlerTest.testWithWrongCode(AuthHandlerTest.java:44)
	at sun.reflect.NativeMethodAccessorImpl.invoke0(Native Method)
	at sun.reflect.NativeMethodAccessorImpl.in
7:25:38 PM PIT >> INFO : MINION : voke(NativeMethodAccessorImpl.java:62)
	at sun.reflect.DelegatingMethodAccessorImpl.invoke(DelegatingMethodAccessorImpl.java:43)
	at java.lang.reflect.Method.invoke(Method.java:498)
	at org.junit.runners.model.FrameworkMethod$1.runReflectiveCall(FrameworkM
7:25:38 PM PIT >> INFO : MINION : ethod.java:50)
	at org.junit.internal.runners.model.ReflectiveCallable.run(ReflectiveCallable.java:12)
	at org.junit.runners.model.FrameworkMethod.invokeExplosively(FrameworkMethod.java:47)
	at org.junit.internal.runners.statements.InvokeMethod.evaluate(In
7:25:38 PM PIT >> INFO : MINION : vokeMethod.java:17)
	at org.junit.internal.runners.statements.RunBefores.evaluate(RunBefores.java:26)
	at org.junit.internal.runners.statements.RunAfters.evaluate(RunAfters.java:27)
	at org.junit.runners.ParentRunner.runLeaf(ParentRunner.java:325)
	at org.
7:25:38 PM PIT >> INFO : MINION : junit.runners.BlockJUnit4ClassRunner.runChild(BlockJUnit4ClassRunner.java:78)
	at org.junit.runners.BlockJUnit4ClassRunner.runChild(BlockJUnit4ClassRunner.java:57)
	at org.junit.runners.ParentRunner$3.run(ParentRunner.java:290)
	at org.junit.runners.Parent
7:25:38 PM PIT >> INFO : MINION : Runner$1.schedule(ParentRunner.java:71)
	at org.junit.runners.ParentRunner.runChildren(ParentRunner.java:288)
	at org.junit.runners.ParentRunner.access$000(ParentRunner.java:58)
	at org.junit.runners.ParentRunner$2.evaluate(ParentRunner.java:268)
	at org.j
7:25:38 PM PIT >> INFO : MINION : unit.internal.runners.statements.RunBefores.evaluate(RunBefores.java:26)
	at org.junit.internal.runners.statements.RunAfters.evaluate(RunAfters.java:27)
	at org.junit.runners.ParentRunner.run(ParentRunner.java:363)
	at org.pitest.junit.adapter.CustomRunner
7:25:38 PM PIT >> INFO : MINION : Executor.run(CustomRunnerExecutor.java:42)
	at org.pitest.junit.adapter.AdaptedJUnitTestUnit.execute(AdaptedJUnitTestUnit.java:85)
	at org.pitest.coverage.execute.CoverageDecorator.execute(CoverageDecorator.java:50)
	at org.pitest.testapi.execute.container
7:25:38 PM PIT >> INFO : MINION : s.UnContainer.execute(UnContainer.java:32)
	at org.pitest.testapi.execute.Pitest.executeTests(Pitest.java:59)
	at org.pitest.testapi.execute.Pitest.run(Pitest.java:50)
	at org.pitest.coverage.execute.CoverageWorker.run(CoverageWorker.java:52)
	at org.pites
7:25:38 PM PIT >> INFO : MINION : t.coverage.execute.CoverageMinion.main(CoverageMinion.java:85)


7:25:38 PM PIT >> INFO : MINION : 7:25:38 PM PIT >> WARNING : More threads at end of test (5) spotifysystemTest.logic.AuthHandlerTest than start. (4)

7:25:42 PM PIT >> INFO : MINION : 7:25:42 PM PIT >> WARNING : More threads at end of test (11) spotifysystemTest.logic.AuthTimerTest than start. (5)

7:25:46 PM PIT >> INFO : MINION : Feb 03, 2017 7:25:46 PM com.gargoylesoftware.htmlunit.WebConsole error
SEVERE: Error: [$sce:insecurl] Blocked loading resource from url not allowed by $sceDelegate policy.  URL: _common/partials/footerPartial.ngt
http://errors.angularjs.org/1.5.0/$sce/inse
7:25:46 PM PIT >> INFO : MINION : curl?p0=_common%2Fpartials%2FfooterPartial.ngt

7:25:46 PM PIT >> INFO : MINION : Feb 03, 2017 7:25:46 PM com.gargoylesoftware.htmlunit.IncorrectnessListenerImpl notify
WARNING: Obsolete content type encountered: 'text/javascript'.

7:25:51 PM PIT >> INFO : MINION : Feb 03, 2017 7:25:51 PM com.gargoylesoftware.htmlunit.WebConsole error
SEVERE: Error: [$sce:insecurl] Blocked loading resource from url not allowed by $sceDelegate policy.  URL: _common/partials/footerPartial.ngt
http://errors.angularjs.org/1.5.0/$sce/inse
7:25:51 PM PIT >> INFO : MINION : curl?p0=_common%2Fpartials%2FfooterPartial.ngt

7:25:51 PM PIT >> INFO : MINION : Feb 03, 2017 7:25:51 PM com.gargoylesoftware.htmlunit.IncorrectnessListenerImpl notify
WARNING: Obsolete content type encountered: 'text/javascript'.

7:25:55 PM PIT >> INFO : MINION : Feb 03, 2017 7:25:55 PM com.gargoylesoftware.htmlunit.WebConsole error
SEVERE: Error: [$sce:insecurl] Blocked loading resource from url not allowed by $sceDelegate policy.  URL: _common/partials/footerPartial.ngt
http://errors.angularjs.org/1.5.0/$sce/inse
7:25:55 PM PIT >> INFO : MINION : curl?p0=_common%2Fpartials%2FfooterPartial.ngt

7:25:55 PM PIT >> INFO : MINION : Feb 03, 2017 7:25:55 PM com.gargoylesoftware.htmlunit.IncorrectnessListenerImpl notify
WARNING: Obsolete content type encountered: 'text/javascript'.

7:25:56 PM PIT >> WARNING : Description [testClass=spotifysystemTest.gui.MainGUITest, name=spotifysystemTest.gui.MainGUITest] did not pass without mutation.
/7:25:56 PM PIT >> WARNING : Description [testClass=spotifysystemTest.logic.AuthHandlerTest, name=spotifysystemTest.logic.AuthHandlerTest] did not pass without mutation.
-7:25:56 PM PIT >> WARNING : Description [testClass=spotifysystemTest.logic.AuthTimerTest, name=spotifysystemTest.logic.AuthTimerTest] did not pass without mutation.
\7:25:56 PM PIT >> WARNING : Description [testClass=spotifysystemTest.logic.MainLogicTest, name=spotifysystemTest.logic.MainLogicTest] did not pass without mutation.
|7:25:56 PM PIT >> INFO : Calculated coverage in 19 seconds.
[INFO] ------------------------------------------------------------------------
[INFO] BUILD FAILURE
[INFO] ------------------------------------------------------------------------
[INFO] Total time: 20.969 s
[INFO] Finished at: 2017-02-03T19:25:56+02:00
[INFO] Final Memory: 14M/255M
[INFO] ------------------------------------------------------------------------
[ERROR] Failed to execute goal org.pitest:pitest-maven:1.1.8:mutationCoverage (default-cli) on project SpotifySystem: Execution default-cli of goal org.pitest:pitest-maven:1.1.8:mutationCoverage failed: All tests did not pass without mutation when calculating line coverage. Mutation testing requires a green suite.
[ERROR] See http://pitest.org for more details.
[ERROR] -> [Help 1]
[ERROR] 
[ERROR] To see the full stack trace of the errors, re-run Maven with the -e switch.
[ERROR] Re-run Maven using the -X switch to enable full debug logging.
[ERROR] 
[ERROR] For more information about the errors and possible solutions, please read the following articles:
[ERROR] [Help 1] http://cwiki.apache.org/confluence/display/MAVEN/PluginExecutionException

